<?xml version="1.0" encoding="UTF-8"?>
<!-- Generated by org.testng.reporters.JUnitReportReporter -->
<testsuite skipped="0" hostname="SSL247DEV004" name="Sanity_Test.Admin_User" tests="4" failures="0" timestamp="30 May 2017 14:53:57 GMT" time="285.636" errors="0">
  <testcase name="Edit_Account_User" time="56.941" classname="Sanity_Test.Admin_User"/>
  <testcase name="Send_Change_Password_Request_Email" time="56.333" classname="Sanity_Test.Admin_User"/>
  <testcase name="Create_Proposal" time="111.495" classname="Sanity_Test.Admin_User"/>
  <testcase name="Send_Fulfillment_Email" time="60.867" classname="Sanity_Test.Admin_User"/>
</testsuite> <!-- Sanity_Test.Admin_User -->
