<?xml version="1.0" encoding="UTF-8"?>
<!-- Generated by org.testng.reporters.JUnitReportReporter -->
<testsuite skipped="0" hostname="SSL247DEV004" name="Sanity_Test.Admin_User" tests="4" failures="0" timestamp="30 May 2017 10:43:01 GMT" time="296.617" errors="0">
  <testcase name="Create_Proposal" time="113.614" classname="Sanity_Test.Admin_User"/>
  <testcase name="Send_Change_Password_Request_Email" time="57.317" classname="Sanity_Test.Admin_User"/>
  <testcase name="Send_Fulfillment_Email" time="57.409" classname="Sanity_Test.Admin_User"/>
  <testcase name="Edit_Account_User" time="68.277" classname="Sanity_Test.Admin_User"/>
</testsuite> <!-- Sanity_Test.Admin_User -->
