<?xml version="1.0" encoding="UTF-8"?>
<!-- Generated by org.testng.reporters.JUnitReportReporter -->
<testsuite skipped="0" hostname="SSL247DEV004" name="Sanity_Test.Registered_User" tests="4" failures="0" timestamp="30 May 2017 14:53:57 GMT" time="391.314" errors="0">
  <testcase name="Order_RapidSSL" time="165.620" classname="Sanity_Test.Registered_User"/>
  <testcase name="Create_User" time="51.273" classname="Sanity_Test.Registered_User"/>
  <testcase name="Edit_User" time="81.025" classname="Sanity_Test.Registered_User"/>
  <testcase name="Domain_Name_Ordering" time="93.396" classname="Sanity_Test.Registered_User"/>
</testsuite> <!-- Sanity_Test.Registered_User -->
