<?xml version="1.0" encoding="UTF-8"?>
<!-- Generated by org.testng.reporters.JUnitReportReporter -->
<testsuite skipped="0" hostname="SSL247DEV004" name="Sanity_Test.New_User" tests="6" failures="0" timestamp="30 May 2017 14:53:57 GMT" time="110.252" errors="0">
  <testcase name="User_Registration" time="32.932" classname="Sanity_Test.New_User"/>
  <testcase name="Log_Out_New_User" time="8.945" classname="Sanity_Test.New_User"/>
  <testcase name="Get_in_Touch" time="22.137" classname="Sanity_Test.New_User"/>
  <testcase name="Ask_a_question" time="15.351" classname="Sanity_Test.New_User"/>
  <testcase name="Request_a_Bronchure" time="15.538" classname="Sanity_Test.New_User"/>
  <testcase name="Request_a_PenTest_Proposal" time="15.349" classname="Sanity_Test.New_User"/>
</testsuite> <!-- Sanity_Test.New_User -->
